0 info it worked if it ends with ok
1 verbose cli [ 'node', '/usr/local/bin/npm', 'install', 'modernizr' ]
2 info using npm@2.11.3
3 info using node@v0.12.7
4 verbose install initial load of /Users/bram/Development/Projects/rekodi/package.json
5 verbose installManyTop reading scoped package data from /Users/bram/Development/Projects/rekodi/node_modules/angular/package.json
6 verbose installManyTop reading scoped package data from /Users/bram/Development/Projects/rekodi/node_modules/angular-animate/package.json
7 verbose installManyTop reading scoped package data from /Users/bram/Development/Projects/rekodi/node_modules/bootstrap/package.json
8 verbose installManyTop reading scoped package data from /Users/bram/Development/Projects/rekodi/node_modules/electron-prebuilt/package.json
9 verbose installManyTop reading scoped package data from /Users/bram/Development/Projects/rekodi/node_modules/jquery/package.json
10 verbose installManyTop reading scoped package data from /Users/bram/Development/Projects/rekodi/node_modules/xbmc-event-client/package.json
11 verbose installManyTop reading scoped package data from /Users/bram/Development/Projects/rekodi/node_modules/xbmc-ws/package.json
12 info package.json jquery@2.1.4 No license field.
13 info package.json xbmc-event-client@0.0.2 No license field.
14 verbose readDependencies loading dependencies from /Users/bram/Development/Projects/rekodi/package.json
15 silly cache add args [ 'modernizr', null ]
16 verbose cache add spec modernizr
17 silly cache add parsed spec { raw: 'modernizr',
17 silly cache add   scope: null,
17 silly cache add   name: 'modernizr',
17 silly cache add   rawSpec: '',
17 silly cache add   spec: '*',
17 silly cache add   type: 'range' }
18 silly addNamed modernizr@*
19 verbose addNamed "*" is a valid semver range for modernizr
20 silly addNameRange { name: 'modernizr', range: '*', hasData: false }
21 silly mapToRegistry name modernizr
22 silly mapToRegistry using default registry
23 silly mapToRegistry registry https://registry.npmjs.org/
24 silly mapToRegistry uri https://registry.npmjs.org/modernizr
25 verbose addNameRange registry:https://registry.npmjs.org/modernizr not in flight; fetching
26 verbose request uri https://registry.npmjs.org/modernizr
27 verbose request no auth needed
28 info attempt registry request try #1 at 11:01:18 PM
29 verbose request using bearer token for auth
30 verbose request id 557e0d4f22c4dbbd
31 verbose etag "4IEYYPFOGEM8F8V2SOSL6ZYTH"
32 http request GET https://registry.npmjs.org/modernizr
33 http 304 https://registry.npmjs.org/modernizr
34 silly get cb [ 304,
34 silly get   { server: 'CouchDB/1.5.0 (Erlang OTP/R16B03)',
34 silly get     etag: '"4IEYYPFOGEM8F8V2SOSL6ZYTH"',
34 silly get     'cache-control': 'max-age=60',
34 silly get     'accept-ranges': 'bytes',
34 silly get     date: 'Thu, 16 Jul 2015 21:01:18 GMT',
34 silly get     via: '1.1 varnish',
34 silly get     connection: 'keep-alive',
34 silly get     'x-served-by': 'cache-ams4148-AMS',
34 silly get     'x-cache': 'MISS',
34 silly get     'x-cache-hits': '0',
34 silly get     'x-timer': 'S1437080478.605943,VS0,VE98' } ]
35 verbose etag https://registry.npmjs.org/modernizr from cache
36 verbose get saving modernizr to /Users/bram/.npm/registry.npmjs.org/modernizr/.cache.json
37 silly addNameRange number 2 { name: 'modernizr', range: '*', hasData: true }
38 silly addNameRange versions [ 'modernizr',
38 silly addNameRange   [ '3.0.0-pre',
38 silly addNameRange     '3.0.0-alpha',
38 silly addNameRange     '3.0.0-alpha.2',
38 silly addNameRange     '3.0.0-alpha.3',
38 silly addNameRange     '3.0.0-alpha.4' ] ]
39 verbose stack Error: No compatible version found: modernizr@'*'
39 verbose stack Valid install targets:
39 verbose stack ["3.0.0-pre","3.0.0-alpha","3.0.0-alpha.2","3.0.0-alpha.3","3.0.0-alpha.4"]
39 verbose stack
39 verbose stack     at installTargetsError (/usr/local/lib/node_modules/npm/lib/cache/add-named.js:274:12)
39 verbose stack     at next (/usr/local/lib/node_modules/npm/lib/cache/add-named.js:253:17)
39 verbose stack     at setData (/usr/local/lib/node_modules/npm/lib/cache/add-named.js:230:5)
39 verbose stack     at RES (/usr/local/lib/node_modules/npm/node_modules/inflight/inflight.js:23:14)
39 verbose stack     at f (/usr/local/lib/node_modules/npm/node_modules/once/once.js:17:25)
39 verbose stack     at fixName (/usr/local/lib/node_modules/npm/lib/cache/add-named.js:29:5)
39 verbose stack     at saved (/usr/local/lib/node_modules/npm/lib/cache/caching-client.js:173:7)
39 verbose stack     at FSReqWrap.oncomplete (fs.js:95:15)
40 verbose cwd /Users/bram/Development/Projects/rekodi
41 error Darwin 14.4.0
42 error argv "node" "/usr/local/bin/npm" "install" "modernizr"
43 error node v0.12.7
44 error npm  v2.11.3
45 error code ETARGET
46 error notarget No compatible version found: modernizr@'*'
46 error notarget Valid install targets:
46 error notarget ["3.0.0-pre","3.0.0-alpha","3.0.0-alpha.2","3.0.0-alpha.3","3.0.0-alpha.4"]
46 error notarget
46 error notarget This is most likely not a problem with npm itself.
46 error notarget In most cases you or one of your dependencies are requesting
46 error notarget a package version that doesn't exist.
46 error notarget
46 error notarget It was specified as a dependency of 'rekodi'
47 verbose exit [ 1, true ]
